0 silly input [ 'prepare' ]
1 silly flags { _: [ 'run' ], script: 'prepare', args: [] }
2 verbose rootPath /Users/julien/Documents/Projects/paritytech/substrate-playground/theia-substrate
3 info version 2.4.0
4 silly existsSync /Users/julien/Documents/Projects/paritytech/substrate-playground/theia-substrate/VERSION
5 silly initialize attempt
6 silly initialize success
7 silly execute attempt
8 silly runScriptInPackageStreaming [ 'prepare', [], '@parity/theia-playground-extension' ]
9 silly getExecOpts { cwd:
9 silly getExecOpts    '/Users/julien/Documents/Projects/paritytech/substrate-playground/theia-substrate/theia-playground-extension' }
10 error execute callback with error
11 error Error: Command failed: npm run prepare
11 error warning package.json: No license field
11 error error Command failed with exit code 2.
11 error npm ERR! code ELIFECYCLE
11 error npm ERR! errno 2
11 error npm ERR! @parity/theia-playground-extension@0.5.0 prepare: `yarn run build`
11 error npm ERR! Exit status 2
11 error npm ERR!
11 error npm ERR! Failed at the @parity/theia-playground-extension@0.5.0 prepare script.
11 error npm ERR! This is probably not a problem with npm. There is likely additional logging output above.
11 error
11 error npm ERR! A complete log of this run can be found in:
11 error npm ERR!     /Users/julien/.npm/_logs/2019-12-07T06_41_03_526Z-debug.log
11 error
11 error
11 error > @parity/theia-playground-extension@0.5.0 prepare /Users/julien/Documents/Projects/paritytech/substrate-playground/theia-substrate/theia-playground-extension
11 error > yarn run build
11 error
11 error yarn run v1.19.2
11 error $ tsc
11 error src/browser/getting-started/getting-started-widget.tsx(21,27): error TS6133: 'isOSX' is declared but its value is never read.
11 error src/browser/getting-started/getting-started-widget.tsx(21,34): error TS6133: 'environment' is declared but its value is never read.
11 error info Visit https://yarnpkg.com/en/docs/cli/run for documentation about this command.
11 error
11 error     at Promise.all.then.arr (/Users/julien/Documents/Projects/paritytech/substrate-playground/theia-substrate/node_modules/execa/index.js:236:11)
